<?xml version="1.0" encoding="UTF-8"?>
<testsuite xmlns:xsi="http://www.w3.org/2001/XMLSchema-instance" xsi:noNamespaceSchemaLocation="https://maven.apache.org/surefire/maven-surefire-plugin/xsd/surefire-test-report-3.0.xsd" version="3.0" name="testcases.CarPriceTest" time="16.682" tests="4" errors="4" skipped="0" failures="0">
  <properties>
[...]
</properties>
  <testcase name="findCarNameandPriceTest[0]" classname="testcases.CarPriceTest" time="3.833">
    <error message="Could not instantiate new WebDriver instance of type class org.openqa.selenium.chrome.ChromeDriver (session not created: This version of ChromeDriver only supports Chrome version 83&#10;Build info: version: &apos;3.141.59&apos;, revision: &apos;e82be7d358&apos;, time: &apos;2018-11-14T08:17:03&apos;&#10;System info: host: &apos;2P-23&apos;, ip: &apos;10.30.1.116&apos;, os.name: &apos;Windows 10&apos;, os.arch: &apos;amd64&apos;, os.version: &apos;10.0&apos;, java.version: &apos;15.0.2&apos;&#10;Driver info: driver.version: ProvideNewDriver&#10;remote stacktrace: Backtrace:&#10;	Ordinal0 [0x00639563+2725219]&#10;	Ordinal0 [0x00538551+1672529]&#10;	Ordinal0 [0x00420359+525145]&#10;	Ordinal0 [0x003B0B77+68471]&#10;	Ordinal0 [0x003AD32C+54060]&#10;	Ordinal0 [0x003CCC37+183351]&#10;	Ordinal0 [0x003CCA3D+182845]&#10;	Ordinal0 [0x003CA94B+174411]&#10;	Ordinal0 [0x003B2528+75048]&#10;	Ordinal0 [0x003B35A0+79264]&#10;	Ordinal0 [0x003B3539+79161]&#10;	Ordinal0 [0x0054D607+1758727]&#10;	GetHandleVerifier [0x00756546+1050150]&#10;	GetHandleVerifier [0x00756291+1049457]&#10;	GetHandleVerifier [0x007610D7+1094071]&#10;	GetHandleVerifier [0x00756B46+1051686]&#10;	Ordinal0 [0x00545B06+1727238]&#10;	Ordinal0 [0x0054EB7B+1764219]&#10;	Ordinal0 [0x0054ECE3+1764579]&#10;	Ordinal0 [0x00564C05+1854469]&#10;	BaseThreadInitThunk [0x76378674+36]&#10;	RtlGetAppContainerNamedObjectPath [0x779E5E17+311]&#10;	RtlGetAppContainerNamedObjectPath [0x779E5DE7+263]&#10;). See below for more details." type="net.thucydides.core.webdriver.DriverConfigurationError"><![CDATA[net.thucydides.core.webdriver.DriverConfigurationError: 
Could not instantiate new WebDriver instance of type class org.openqa.selenium.chrome.ChromeDriver (session not created: This version of ChromeDriver only supports Chrome version 83
Build info: version: '3.141.59', revision: 'e82be7d358', time: '2018-11-14T08:17:03'
System info: host: '2P-23', ip: '10.30.1.116', os.name: 'Windows 10', os.arch: 'amd64', os.version: '10.0', java.version: '15.0.2'
Driver info: driver.version: ProvideNewDriver
remote stacktrace: Backtrace:
	Ordinal0 [0x00639563+2725219]
	Ordinal0 [0x00538551+1672529]
	Ordinal0 [0x00420359+525145]
	Ordinal0 [0x003B0B77+68471]
	Ordinal0 [0x003AD32C+54060]
	Ordinal0 [0x003CCC37+183351]
	Ordinal0 [0x003CCA3D+182845]
	Ordinal0 [0x003CA94B+174411]
	Ordinal0 [0x003B2528+75048]
	Ordinal0 [0x003B35A0+79264]
	Ordinal0 [0x003B3539+79161]
	Ordinal0 [0x0054D607+1758727]
	GetHandleVerifier [0x00756546+1050150]
	GetHandleVerifier [0x00756291+1049457]
	GetHandleVerifier [0x007610D7+1094071]
	GetHandleVerifier [0x00756B46+1051686]
	Ordinal0 [0x00545B06+1727238]
	Ordinal0 [0x0054EB7B+1764219]
	Ordinal0 [0x0054ECE3+1764579]
	Ordinal0 [0x00564C05+1854469]
	BaseThreadInitThunk [0x76378674+36]
	RtlGetAppContainerNamedObjectPath [0x779E5E17+311]
	RtlGetAppContainerNamedObjectPath [0x779E5DE7+263]
). See below for more details.
	at testcases.CarPriceTest.findCarNameandPriceTest(CarPriceTest.java:44)
]]></error>
    <system-err><![CDATA[SLF4J: Failed to load class "org.slf4j.impl.StaticLoggerBinder".
SLF4J: Defaulting to no-operation (NOP) logger implementation
SLF4J: See http://www.slf4j.org/codes.html#StaticLoggerBinder for further details.
Sep 12, 2021 12:35:05 PM org.openqa.selenium.remote.DesiredCapabilities chrome
INFO: Using `new ChromeOptions()` is preferred to `DesiredCapabilities.chrome()`
Starting ChromeDriver 83.0.4103.39 (ccbf011cb2d2b19b506d844400483861342c20cd-refs/branch-heads/4103@{#416}) on port 1852
Only local connections are allowed.
Please see https://chromedriver.chromium.org/security-considerations for suggestions on keeping ChromeDriver safe.
ChromeDriver was started successfully.
]]></system-err>
  </testcase>
  <testcase name="findCarNameandPriceTest[1]" classname="testcases.CarPriceTest" time="2.5">
    <error message="Could not instantiate new WebDriver instance of type class org.openqa.selenium.chrome.ChromeDriver (session not created: This version of ChromeDriver only supports Chrome version 83&#10;Build info: version: &apos;3.141.59&apos;, revision: &apos;e82be7d358&apos;, time: &apos;2018-11-14T08:17:03&apos;&#10;System info: host: &apos;2P-23&apos;, ip: &apos;10.30.1.116&apos;, os.name: &apos;Windows 10&apos;, os.arch: &apos;amd64&apos;, os.version: &apos;10.0&apos;, java.version: &apos;15.0.2&apos;&#10;Driver info: driver.version: ProvideNewDriver&#10;remote stacktrace: Backtrace:&#10;	Ordinal0 [0x00639563+2725219]&#10;	Ordinal0 [0x00538551+1672529]&#10;	Ordinal0 [0x00420359+525145]&#10;	Ordinal0 [0x003B0B77+68471]&#10;	Ordinal0 [0x003AD32C+54060]&#10;	Ordinal0 [0x003CCC37+183351]&#10;	Ordinal0 [0x003CCA3D+182845]&#10;	Ordinal0 [0x003CA94B+174411]&#10;	Ordinal0 [0x003B2528+75048]&#10;	Ordinal0 [0x003B35A0+79264]&#10;	Ordinal0 [0x003B3539+79161]&#10;	Ordinal0 [0x0054D607+1758727]&#10;	GetHandleVerifier [0x00756546+1050150]&#10;	GetHandleVerifier [0x00756291+1049457]&#10;	GetHandleVerifier [0x007610D7+1094071]&#10;	GetHandleVerifier [0x00756B46+1051686]&#10;	Ordinal0 [0x00545B06+1727238]&#10;	Ordinal0 [0x0054EB7B+1764219]&#10;	Ordinal0 [0x0054ECE3+1764579]&#10;	Ordinal0 [0x00564C05+1854469]&#10;	BaseThreadInitThunk [0x76378674+36]&#10;	RtlGetAppContainerNamedObjectPath [0x779E5E17+311]&#10;	RtlGetAppContainerNamedObjectPath [0x779E5DE7+263]&#10;). See below for more details." type="net.thucydides.core.webdriver.DriverConfigurationError"><![CDATA[net.thucydides.core.webdriver.DriverConfigurationError: 
Could not instantiate new WebDriver instance of type class org.openqa.selenium.chrome.ChromeDriver (session not created: This version of ChromeDriver only supports Chrome version 83
Build info: version: '3.141.59', revision: 'e82be7d358', time: '2018-11-14T08:17:03'
System info: host: '2P-23', ip: '10.30.1.116', os.name: 'Windows 10', os.arch: 'amd64', os.version: '10.0', java.version: '15.0.2'
Driver info: driver.version: ProvideNewDriver
remote stacktrace: Backtrace:
	Ordinal0 [0x00639563+2725219]
	Ordinal0 [0x00538551+1672529]
	Ordinal0 [0x00420359+525145]
	Ordinal0 [0x003B0B77+68471]
	Ordinal0 [0x003AD32C+54060]
	Ordinal0 [0x003CCC37+183351]
	Ordinal0 [0x003CCA3D+182845]
	Ordinal0 [0x003CA94B+174411]
	Ordinal0 [0x003B2528+75048]
	Ordinal0 [0x003B35A0+79264]
	Ordinal0 [0x003B3539+79161]
	Ordinal0 [0x0054D607+1758727]
	GetHandleVerifier [0x00756546+1050150]
	GetHandleVerifier [0x00756291+1049457]
	GetHandleVerifier [0x007610D7+1094071]
	GetHandleVerifier [0x00756B46+1051686]
	Ordinal0 [0x00545B06+1727238]
	Ordinal0 [0x0054EB7B+1764219]
	Ordinal0 [0x0054ECE3+1764579]
	Ordinal0 [0x00564C05+1854469]
	BaseThreadInitThunk [0x76378674+36]
	RtlGetAppContainerNamedObjectPath [0x779E5E17+311]
	RtlGetAppContainerNamedObjectPath [0x779E5DE7+263]
). See below for more details.
	at testcases.CarPriceTest.findCarNameandPriceTest(CarPriceTest.java:44)
]]></error>
    <system-err><![CDATA[Sep 12, 2021 12:35:10 PM org.openqa.selenium.remote.DesiredCapabilities chrome
INFO: Using `new ChromeOptions()` is preferred to `DesiredCapabilities.chrome()`
Starting ChromeDriver 83.0.4103.39 (ccbf011cb2d2b19b506d844400483861342c20cd-refs/branch-heads/4103@{#416}) on port 40669
Only local connections are allowed.
Please see https://chromedriver.chromium.org/security-considerations for suggestions on keeping ChromeDriver safe.
ChromeDriver was started successfully.
]]></system-err>
  </testcase>
  <testcase name="findCarNameandPriceTest[2]" classname="testcases.CarPriceTest" time="2.434">
    <error message="Could not instantiate new WebDriver instance of type class org.openqa.selenium.chrome.ChromeDriver (session not created: This version of ChromeDriver only supports Chrome version 83&#10;Build info: version: &apos;3.141.59&apos;, revision: &apos;e82be7d358&apos;, time: &apos;2018-11-14T08:17:03&apos;&#10;System info: host: &apos;2P-23&apos;, ip: &apos;10.30.1.116&apos;, os.name: &apos;Windows 10&apos;, os.arch: &apos;amd64&apos;, os.version: &apos;10.0&apos;, java.version: &apos;15.0.2&apos;&#10;Driver info: driver.version: ProvideNewDriver&#10;remote stacktrace: Backtrace:&#10;	Ordinal0 [0x00639563+2725219]&#10;	Ordinal0 [0x00538551+1672529]&#10;	Ordinal0 [0x00420359+525145]&#10;	Ordinal0 [0x003B0B77+68471]&#10;	Ordinal0 [0x003AD32C+54060]&#10;	Ordinal0 [0x003CCC37+183351]&#10;	Ordinal0 [0x003CCA3D+182845]&#10;	Ordinal0 [0x003CA94B+174411]&#10;	Ordinal0 [0x003B2528+75048]&#10;	Ordinal0 [0x003B35A0+79264]&#10;	Ordinal0 [0x003B3539+79161]&#10;	Ordinal0 [0x0054D607+1758727]&#10;	GetHandleVerifier [0x00756546+1050150]&#10;	GetHandleVerifier [0x00756291+1049457]&#10;	GetHandleVerifier [0x007610D7+1094071]&#10;	GetHandleVerifier [0x00756B46+1051686]&#10;	Ordinal0 [0x00545B06+1727238]&#10;	Ordinal0 [0x0054EB7B+1764219]&#10;	Ordinal0 [0x0054ECE3+1764579]&#10;	Ordinal0 [0x00564C05+1854469]&#10;	BaseThreadInitThunk [0x76378674+36]&#10;	RtlGetAppContainerNamedObjectPath [0x779E5E17+311]&#10;	RtlGetAppContainerNamedObjectPath [0x779E5DE7+263]&#10;). See below for more details." type="net.thucydides.core.webdriver.DriverConfigurationError"><![CDATA[net.thucydides.core.webdriver.DriverConfigurationError: 
Could not instantiate new WebDriver instance of type class org.openqa.selenium.chrome.ChromeDriver (session not created: This version of ChromeDriver only supports Chrome version 83
Build info: version: '3.141.59', revision: 'e82be7d358', time: '2018-11-14T08:17:03'
System info: host: '2P-23', ip: '10.30.1.116', os.name: 'Windows 10', os.arch: 'amd64', os.version: '10.0', java.version: '15.0.2'
Driver info: driver.version: ProvideNewDriver
remote stacktrace: Backtrace:
	Ordinal0 [0x00639563+2725219]
	Ordinal0 [0x00538551+1672529]
	Ordinal0 [0x00420359+525145]
	Ordinal0 [0x003B0B77+68471]
	Ordinal0 [0x003AD32C+54060]
	Ordinal0 [0x003CCC37+183351]
	Ordinal0 [0x003CCA3D+182845]
	Ordinal0 [0x003CA94B+174411]
	Ordinal0 [0x003B2528+75048]
	Ordinal0 [0x003B35A0+79264]
	Ordinal0 [0x003B3539+79161]
	Ordinal0 [0x0054D607+1758727]
	GetHandleVerifier [0x00756546+1050150]
	GetHandleVerifier [0x00756291+1049457]
	GetHandleVerifier [0x007610D7+1094071]
	GetHandleVerifier [0x00756B46+1051686]
	Ordinal0 [0x00545B06+1727238]
	Ordinal0 [0x0054EB7B+1764219]
	Ordinal0 [0x0054ECE3+1764579]
	Ordinal0 [0x00564C05+1854469]
	BaseThreadInitThunk [0x76378674+36]
	RtlGetAppContainerNamedObjectPath [0x779E5E17+311]
	RtlGetAppContainerNamedObjectPath [0x779E5DE7+263]
). See below for more details.
	at testcases.CarPriceTest.findCarNameandPriceTest(CarPriceTest.java:44)
]]></error>
    <system-err><![CDATA[Sep 12, 2021 12:35:13 PM org.openqa.selenium.remote.DesiredCapabilities chrome
INFO: Using `new ChromeOptions()` is preferred to `DesiredCapabilities.chrome()`
Starting ChromeDriver 83.0.4103.39 (ccbf011cb2d2b19b506d844400483861342c20cd-refs/branch-heads/4103@{#416}) on port 35662
Only local connections are allowed.
Please see https://chromedriver.chromium.org/security-considerations for suggestions on keeping ChromeDriver safe.
ChromeDriver was started successfully.
]]></system-err>
  </testcase>
  <testcase name="findCarNameandPriceTest[3]" classname="testcases.CarPriceTest" time="2.239">
    <error message="Could not instantiate new WebDriver instance of type class org.openqa.selenium.chrome.ChromeDriver (session not created: This version of ChromeDriver only supports Chrome version 83&#10;Build info: version: &apos;3.141.59&apos;, revision: &apos;e82be7d358&apos;, time: &apos;2018-11-14T08:17:03&apos;&#10;System info: host: &apos;2P-23&apos;, ip: &apos;10.30.1.116&apos;, os.name: &apos;Windows 10&apos;, os.arch: &apos;amd64&apos;, os.version: &apos;10.0&apos;, java.version: &apos;15.0.2&apos;&#10;Driver info: driver.version: ProvideNewDriver&#10;remote stacktrace: Backtrace:&#10;	Ordinal0 [0x00639563+2725219]&#10;	Ordinal0 [0x00538551+1672529]&#10;	Ordinal0 [0x00420359+525145]&#10;	Ordinal0 [0x003B0B77+68471]&#10;	Ordinal0 [0x003AD32C+54060]&#10;	Ordinal0 [0x003CCC37+183351]&#10;	Ordinal0 [0x003CCA3D+182845]&#10;	Ordinal0 [0x003CA94B+174411]&#10;	Ordinal0 [0x003B2528+75048]&#10;	Ordinal0 [0x003B35A0+79264]&#10;	Ordinal0 [0x003B3539+79161]&#10;	Ordinal0 [0x0054D607+1758727]&#10;	GetHandleVerifier [0x00756546+1050150]&#10;	GetHandleVerifier [0x00756291+1049457]&#10;	GetHandleVerifier [0x007610D7+1094071]&#10;	GetHandleVerifier [0x00756B46+1051686]&#10;	Ordinal0 [0x00545B06+1727238]&#10;	Ordinal0 [0x0054EB7B+1764219]&#10;	Ordinal0 [0x0054ECE3+1764579]&#10;	Ordinal0 [0x00564C05+1854469]&#10;	BaseThreadInitThunk [0x76378674+36]&#10;	RtlGetAppContainerNamedObjectPath [0x779E5E17+311]&#10;	RtlGetAppContainerNamedObjectPath [0x779E5DE7+263]&#10;). See below for more details." type="net.thucydides.core.webdriver.DriverConfigurationError"><![CDATA[net.thucydides.core.webdriver.DriverConfigurationError: 
Could not instantiate new WebDriver instance of type class org.openqa.selenium.chrome.ChromeDriver (session not created: This version of ChromeDriver only supports Chrome version 83
Build info: version: '3.141.59', revision: 'e82be7d358', time: '2018-11-14T08:17:03'
System info: host: '2P-23', ip: '10.30.1.116', os.name: 'Windows 10', os.arch: 'amd64', os.version: '10.0', java.version: '15.0.2'
Driver info: driver.version: ProvideNewDriver
remote stacktrace: Backtrace:
	Ordinal0 [0x00639563+2725219]
	Ordinal0 [0x00538551+1672529]
	Ordinal0 [0x00420359+525145]
	Ordinal0 [0x003B0B77+68471]
	Ordinal0 [0x003AD32C+54060]
	Ordinal0 [0x003CCC37+183351]
	Ordinal0 [0x003CCA3D+182845]
	Ordinal0 [0x003CA94B+174411]
	Ordinal0 [0x003B2528+75048]
	Ordinal0 [0x003B35A0+79264]
	Ordinal0 [0x003B3539+79161]
	Ordinal0 [0x0054D607+1758727]
	GetHandleVerifier [0x00756546+1050150]
	GetHandleVerifier [0x00756291+1049457]
	GetHandleVerifier [0x007610D7+1094071]
	GetHandleVerifier [0x00756B46+1051686]
	Ordinal0 [0x00545B06+1727238]
	Ordinal0 [0x0054EB7B+1764219]
	Ordinal0 [0x0054ECE3+1764579]
	Ordinal0 [0x00564C05+1854469]
	BaseThreadInitThunk [0x76378674+36]
	RtlGetAppContainerNamedObjectPath [0x779E5E17+311]
	RtlGetAppContainerNamedObjectPath [0x779E5DE7+263]
). See below for more details.
	at testcases.CarPriceTest.findCarNameandPriceTest(CarPriceTest.java:44)
]]></error>
    <system-err><![CDATA[Sep 12, 2021 12:35:15 PM org.openqa.selenium.remote.DesiredCapabilities chrome
INFO: Using `new ChromeOptions()` is preferred to `DesiredCapabilities.chrome()`
Starting ChromeDriver 83.0.4103.39 (ccbf011cb2d2b19b506d844400483861342c20cd-refs/branch-heads/4103@{#416}) on port 2117
Only local connections are allowed.
Please see https://chromedriver.chromium.org/security-considerations for suggestions on keeping ChromeDriver safe.
ChromeDriver was started successfully.
]]></system-err>
  </testcase>
</testsuite>