<?xml version="1.0" encoding="UTF-8"?><testsuite errors="4" failures="0" name="testcases.FindCarTest" skipped="0" tests="4" time="102.34" timestamp="2021-09-12 12:37:11"><testcase classname="testcases.FindCarTest" name="Finding Car Test"><error message="Expected condition failed: waiting for net.serenitybdd.core.pages.RenderedPageObjectView$$Lambda$530/0x0000000800fa9470@55bf35e5 (tried for 10 second(s) with 50 milliseconds interval)&#10;Build info: version: '3.141.59', revision: 'e82be7d358', time: '2018-11-14T08:17:03'&#10;System info: host: '2P-23', ip: '10.30.1.116', os.name: 'Windows 10', os.arch: 'amd64', os.version: '10.0', java.version: '15.0.2'&#10;Driver info: driver.version: unknown&#10;Build info: version: '3.141.59', revision: 'e82be7d358', time: '2018-11-14T08:17:03'&#10;System info: host: '2P-23', ip: '10.30.1.116', os.name: 'Windows 10', os.arch: 'amd64', os.version: '10.0', java.version: '15.0.2'&#10;Driver info: driver.version: unknown&#10;Build info: version: '3.141.59', revision: 'e82be7d358', time: '2018-11-14T08:17:03'&#10;System info: host: '2P-23', ip: '10.30.1.116', os.name: 'Windows 10', os.arch: 'amd64', os.version: '10.0', java.version: '15.0.2'&#10;Driver info: driver.version: unknown" type="org.openqa.selenium.TimeoutException">Expected condition failed: waiting for net.serenitybdd.core.pages.RenderedPageObjectView$$Lambda$530/0x0000000800fa9470@55bf35e5 (tried for 10 second(s) with 50 milliseconds interval)
Build info: version: '3.141.59', revision: 'e82be7d358', time: '2018-11-14T08:17:03'
System info: host: '2P-23', ip: '10.30.1.116', os.name: 'Windows 10', os.arch: 'amd64', os.version: '10.0', java.version: '15.0.2'
Driver info: driver.version: unknown
Build info: version: '3.141.59', revision: 'e82be7d358', time: '2018-11-14T08:17:03'
System info: host: '2P-23', ip: '10.30.1.116', os.name: 'Windows 10', os.arch: 'amd64', os.version: '10.0', java.version: '15.0.2'
Driver info: driver.version: unknown
Build info: version: '3.141.59', revision: 'e82be7d358', time: '2018-11-14T08:17:03'
System info: host: '2P-23', ip: '10.30.1.116', os.name: 'Windows 10', os.arch: 'amd64', os.version: '10.0', java.version: '15.0.2'
Driver info: driver.version: unknown</error><system-err>Expected condition failed: waiting for net.serenitybdd.core.pages.RenderedPageObjectView$$Lambda$530/0x0000000800fa9470@55bf35e5 (tried for 10 second(s) with 50 milliseconds interval)
Build info: version: '3.141.59', revision: 'e82be7d358', time: '2018-11-14T08:17:03'
System info: host: '2P-23', ip: '10.30.1.116', os.name: 'Windows 10', os.arch: 'amd64', os.version: '10.0', java.version: '15.0.2'
Driver info: driver.version: unknown
Build info: version: '3.141.59', revision: 'e82be7d358', time: '2018-11-14T08:17:03'
System info: host: '2P-23', ip: '10.30.1.116', os.name: 'Windows 10', os.arch: 'amd64', os.version: '10.0', java.version: '15.0.2'
Driver info: driver.version: unknown
Build info: version: '3.141.59', revision: 'e82be7d358', time: '2018-11-14T08:17:03'
System info: host: '2P-23', ip: '10.30.1.116', os.name: 'Windows 10', os.arch: 'amd64', os.version: '10.0', java.version: '15.0.2'
Driver info: driver.version: unknown&#13;
base.BasePage.moveMouseTo(BasePage.java:108)&#13;
pages.HomePage.findNewCars(HomePage.java:12)&#13;
steps.CarWaleSteps.findNewCars(CarWaleSteps.java:26)&#13;
testcases.FindCarTest.findCarTest(FindCarTest.java:45)&#13;
</system-err></testcase></testsuite>